<?xml version="1.0" encoding="UTF-8"?>
<coverage generated="1691478557491" clover="3.2.0">
  <project timestamp="1691478557491" name="All files">
    <metrics statements="42" coveredstatements="31" conditionals="8" coveredconditionals="2" methods="16" coveredmethods="14" elements="66" coveredelements="47" complexity="0" loc="42" ncloc="42" packages="2" files="5" classes="5"/>
    <package name="src">
      <metrics statements="27" coveredstatements="16" conditionals="8" coveredconditionals="2" methods="9" coveredmethods="7"/>
      <file name="App.js" path="C:\Users\Samrudh_Sivva\Documents\ToDoApp\my-todo-app\src\App.js">
        <metrics statements="16" coveredstatements="16" conditionals="4" coveredconditionals="2" methods="7" coveredmethods="7"/>
        <line num="4" count="1" type="stmt"/>
        <line num="5" count="7" type="stmt"/>
        <line num="6" count="7" type="stmt"/>
        <line num="8" count="7" type="stmt"/>
        <line num="9" count="2" type="stmt"/>
        <line num="12" count="7" type="stmt"/>
        <line num="13" count="2" type="stmt"/>
        <line num="14" count="2" type="cond" truecount="1" falsecount="1"/>
        <line num="15" count="2" type="stmt"/>
        <line num="16" count="2" type="stmt"/>
        <line num="20" count="7" type="stmt"/>
        <line num="21" count="1" type="stmt"/>
        <line num="22" count="1" type="stmt"/>
        <line num="27" count="7" type="stmt"/>
        <line num="36" count="2" type="cond" truecount="1" falsecount="1"/>
        <line num="38" count="1" type="stmt"/>
      </file>
      <file name="index.js" path="C:\Users\Samrudh_Sivva\Documents\ToDoApp\my-todo-app\src\index.js">
        <metrics statements="3" coveredstatements="0" conditionals="0" coveredconditionals="0" methods="0" coveredmethods="0"/>
        <line num="9" count="0" type="stmt"/>
        <line num="10" count="0" type="stmt"/>
        <line num="21" count="0" type="stmt"/>
      </file>
      <file name="reportWebVitals.js" path="C:\Users\Samrudh_Sivva\Documents\ToDoApp\my-todo-app\src\reportWebVitals.js">
        <metrics statements="8" coveredstatements="0" conditionals="4" coveredconditionals="0" methods="2" coveredmethods="0"/>
        <line num="1" count="0" type="stmt"/>
        <line num="2" count="0" type="cond" truecount="0" falsecount="4"/>
        <line num="3" count="0" type="stmt"/>
        <line num="4" count="0" type="stmt"/>
        <line num="5" count="0" type="stmt"/>
        <line num="6" count="0" type="stmt"/>
        <line num="7" count="0" type="stmt"/>
        <line num="8" count="0" type="stmt"/>
      </file>
    </package>
    <package name="src.Components">
      <metrics statements="15" coveredstatements="15" conditionals="0" coveredconditionals="0" methods="7" coveredmethods="7"/>
      <file name="Color.js" path="C:\Users\Samrudh_Sivva\Documents\ToDoApp\my-todo-app\src\Components\Color.js">
        <metrics statements="4" coveredstatements="4" conditionals="0" coveredconditionals="0" methods="2" coveredmethods="2"/>
        <line num="4" count="2" type="stmt"/>
        <line num="6" count="2" type="stmt"/>
        <line num="7" count="1" type="stmt"/>
        <line num="10" count="2" type="stmt"/>
      </file>
      <file name="Count.js" path="C:\Users\Samrudh_Sivva\Documents\ToDoApp\my-todo-app\src\Components\Count.js">
        <metrics statements="11" coveredstatements="11" conditionals="0" coveredconditionals="0" methods="5" coveredmethods="5"/>
        <line num="2" count="1" type="stmt"/>
        <line num="3" count="8" type="stmt"/>
        <line num="5" count="8" type="stmt"/>
        <line num="6" count="1" type="stmt"/>
        <line num="8" count="8" type="stmt"/>
        <line num="9" count="1" type="stmt"/>
        <line num="11" count="8" type="stmt"/>
        <line num="12" count="1" type="stmt"/>
        <line num="15" count="8" type="stmt"/>
        <line num="16" count="1" type="stmt"/>
        <line num="18" count="8" type="stmt"/>
      </file>
    </package>
  </project>
</coverage>
