{"C:\\Users\\Samrudh_Sivva\\Documents\\ToDoApp\\my-todo-app\\src\\App.js": {"path":"C:\\Users\\Samrudh_Sivva\\Documents\\ToDoApp\\my-todo-app\\src\\App.js","statementMap":{"0":{"start":{"line":4,"column":12},"end":{"line":44,"column":1}},"1":{"start":{"line":5,"column":26},"end":{"line":5,"column":38}},"2":{"start":{"line":6,"column":28},"end":{"line":6,"column":40}},"3":{"start":{"line":8,"column":23},"end":{"line":10,"column":3}},"4":{"start":{"line":9,"column":4},"end":{"line":9,"column":32}},"5":{"start":{"line":12,"column":23},"end":{"line":18,"column":3}},"6":{"start":{"line":13,"column":4},"end":{"line":13,"column":27}},"7":{"start":{"line":14,"column":4},"end":{"line":17,"column":5}},"8":{"start":{"line":15,"column":6},"end":{"line":15,"column":77}},"9":{"start":{"line":16,"column":6},"end":{"line":16,"column":18}},"10":{"start":{"line":20,"column":23},"end":{"line":23,"column":3}},"11":{"start":{"line":21,"column":25},"end":{"line":21,"column":67}},"12":{"start":{"line":21,"column":48},"end":{"line":21,"column":66}},"13":{"start":{"line":22,"column":4},"end":{"line":22,"column":27}},"14":{"start":{"line":27,"column":2},"end":{"line":43,"column":4}},"15":{"start":{"line":36,"column":10},"end":{"line":39,"column":15}},"16":{"start":{"line":38,"column":35},"end":{"line":38,"column":56}}},"fnMap":{"0":{"name":"(anonymous_0)","decl":{"start":{"line":4,"column":12},"end":{"line":4,"column":13}},"loc":{"start":{"line":4,"column":18},"end":{"line":44,"column":1}},"line":4},"1":{"name":"(anonymous_1)","decl":{"start":{"line":8,"column":23},"end":{"line":8,"column":24}},"loc":{"start":{"line":8,"column":34},"end":{"line":10,"column":3}},"line":8},"2":{"name":"(anonymous_2)","decl":{"start":{"line":12,"column":23},"end":{"line":12,"column":24}},"loc":{"start":{"line":12,"column":34},"end":{"line":18,"column":3}},"line":12},"3":{"name":"(anonymous_3)","decl":{"start":{"line":20,"column":23},"end":{"line":20,"column":24}},"loc":{"start":{"line":20,"column":35},"end":{"line":23,"column":3}},"line":20},"4":{"name":"(anonymous_4)","decl":{"start":{"line":21,"column":38},"end":{"line":21,"column":39}},"loc":{"start":{"line":21,"column":48},"end":{"line":21,"column":66}},"line":21},"5":{"name":"(anonymous_5)","decl":{"start":{"line":35,"column":19},"end":{"line":35,"column":20}},"loc":{"start":{"line":36,"column":10},"end":{"line":39,"column":15}},"line":36},"6":{"name":"(anonymous_6)","decl":{"start":{"line":38,"column":29},"end":{"line":38,"column":30}},"loc":{"start":{"line":38,"column":35},"end":{"line":38,"column":56}},"line":38}},"branchMap":{"0":{"loc":{"start":{"line":14,"column":4},"end":{"line":17,"column":5}},"type":"if","locations":[{"start":{"line":14,"column":4},"end":{"line":17,"column":5}},{"start":{},"end":{}}],"line":14},"1":{"loc":{"start":{"line":36,"column":39},"end":{"line":36,"column":72}},"type":"cond-expr","locations":[{"start":{"line":36,"column":56},"end":{"line":36,"column":67}},{"start":{"line":36,"column":70},"end":{"line":36,"column":72}}],"line":36}},"s":{"0":1,"1":7,"2":7,"3":7,"4":2,"5":7,"6":2,"7":2,"8":2,"9":2,"10":7,"11":1,"12":1,"13":1,"14":7,"15":2,"16":1},"f":{"0":7,"1":2,"2":2,"3":1,"4":1,"5":2,"6":1},"b":{"0":[2,0],"1":[0,2]},"_coverageSchema":"1a1c01bbd47fc00a2c39e90264f33305004495a9","hash":"70a84bce42705c5cc9937eb60dade8e3c7267cd2"}
,"C:\\Users\\Samrudh_Sivva\\Documents\\ToDoApp\\my-todo-app\\src\\index.js": {"path":"C:\\Users\\Samrudh_Sivva\\Documents\\ToDoApp\\my-todo-app\\src\\index.js","statementMap":{"0":{"start":{"line":9,"column":13},"end":{"line":9,"column":65}},"1":{"start":{"line":10,"column":0},"end":{"line":16,"column":2}},"2":{"start":{"line":21,"column":0},"end":{"line":21,"column":18}}},"fnMap":{},"branchMap":{},"s":{"0":0,"1":0,"2":0},"f":{},"b":{}}
,"C:\\Users\\Samrudh_Sivva\\Documents\\ToDoApp\\my-todo-app\\src\\reportWebVitals.js": {"path":"C:\\Users\\Samrudh_Sivva\\Documents\\ToDoApp\\my-todo-app\\src\\reportWebVitals.js","statementMap":{"0":{"start":{"line":1,"column":24},"end":{"line":11,"column":1}},"1":{"start":{"line":2,"column":2},"end":{"line":10,"column":3}},"2":{"start":{"line":3,"column":4},"end":{"line":9,"column":7}},"3":{"start":{"line":4,"column":6},"end":{"line":4,"column":26}},"4":{"start":{"line":5,"column":6},"end":{"line":5,"column":26}},"5":{"start":{"line":6,"column":6},"end":{"line":6,"column":26}},"6":{"start":{"line":7,"column":6},"end":{"line":7,"column":26}},"7":{"start":{"line":8,"column":6},"end":{"line":8,"column":27}}},"fnMap":{"0":{"name":"(anonymous_0)","decl":{"start":{"line":1,"column":24},"end":{"line":1,"column":25}},"loc":{"start":{"line":1,"column":39},"end":{"line":11,"column":1}},"line":1},"1":{"name":"(anonymous_1)","decl":{"start":{"line":3,"column":30},"end":{"line":3,"column":31}},"loc":{"start":{"line":3,"column":79},"end":{"line":9,"column":5}},"line":3}},"branchMap":{"0":{"loc":{"start":{"line":2,"column":2},"end":{"line":10,"column":3}},"type":"if","locations":[{"start":{"line":2,"column":2},"end":{"line":10,"column":3}},{"start":{},"end":{}}],"line":2},"1":{"loc":{"start":{"line":2,"column":6},"end":{"line":2,"column":52}},"type":"binary-expr","locations":[{"start":{"line":2,"column":6},"end":{"line":2,"column":17}},{"start":{"line":2,"column":21},"end":{"line":2,"column":52}}],"line":2}},"s":{"0":0,"1":0,"2":0,"3":0,"4":0,"5":0,"6":0,"7":0},"f":{"0":0,"1":0},"b":{"0":[0,0],"1":[0,0]}}
,"C:\\Users\\Samrudh_Sivva\\Documents\\ToDoApp\\my-todo-app\\src\\Components\\Color.js": {"path":"C:\\Users\\Samrudh_Sivva\\Documents\\ToDoApp\\my-todo-app\\src\\Components\\Color.js","statementMap":{"0":{"start":{"line":4,"column":28},"end":{"line":4,"column":43}},"1":{"start":{"line":6,"column":23},"end":{"line":8,"column":3}},"2":{"start":{"line":7,"column":4},"end":{"line":7,"column":21}},"3":{"start":{"line":10,"column":2},"end":{"line":19,"column":4}}},"fnMap":{"0":{"name":"FavoriteColor","decl":{"start":{"line":3,"column":16},"end":{"line":3,"column":29}},"loc":{"start":{"line":3,"column":32},"end":{"line":20,"column":1}},"line":3},"1":{"name":"(anonymous_1)","decl":{"start":{"line":6,"column":23},"end":{"line":6,"column":24}},"loc":{"start":{"line":6,"column":29},"end":{"line":8,"column":3}},"line":6}},"branchMap":{},"s":{"0":2,"1":2,"2":1,"3":2},"f":{"0":2,"1":1},"b":{},"_coverageSchema":"1a1c01bbd47fc00a2c39e90264f33305004495a9","hash":"86034ea71d5186bd253afdda7d65dbf1a8c6e7a0"}
,"C:\\Users\\Samrudh_Sivva\\Documents\\ToDoApp\\my-todo-app\\src\\Components\\Count.js": {"path":"C:\\Users\\Samrudh_Sivva\\Documents\\ToDoApp\\my-todo-app\\src\\Components\\Count.js","statementMap":{"0":{"start":{"line":2,"column":21},"end":{"line":33,"column":1}},"1":{"start":{"line":3,"column":26},"end":{"line":3,"column":37}},"2":{"start":{"line":5,"column":27},"end":{"line":7,"column":3}},"3":{"start":{"line":6,"column":4},"end":{"line":6,"column":24}},"4":{"start":{"line":8,"column":27},"end":{"line":10,"column":3}},"5":{"start":{"line":9,"column":4},"end":{"line":9,"column":24}},"6":{"start":{"line":11,"column":23},"end":{"line":13,"column":3}},"7":{"start":{"line":12,"column":4},"end":{"line":12,"column":16}},"8":{"start":{"line":15,"column":22},"end":{"line":17,"column":3}},"9":{"start":{"line":16,"column":4},"end":{"line":16,"column":21}},"10":{"start":{"line":18,"column":2},"end":{"line":32,"column":4}}},"fnMap":{"0":{"name":"(anonymous_0)","decl":{"start":{"line":2,"column":21},"end":{"line":2,"column":22}},"loc":{"start":{"line":2,"column":27},"end":{"line":33,"column":1}},"line":2},"1":{"name":"(anonymous_1)","decl":{"start":{"line":5,"column":27},"end":{"line":5,"column":28}},"loc":{"start":{"line":5,"column":33},"end":{"line":7,"column":3}},"line":5},"2":{"name":"(anonymous_2)","decl":{"start":{"line":8,"column":27},"end":{"line":8,"column":28}},"loc":{"start":{"line":8,"column":33},"end":{"line":10,"column":3}},"line":8},"3":{"name":"(anonymous_3)","decl":{"start":{"line":11,"column":23},"end":{"line":11,"column":24}},"loc":{"start":{"line":11,"column":29},"end":{"line":13,"column":3}},"line":11},"4":{"name":"(anonymous_4)","decl":{"start":{"line":15,"column":22},"end":{"line":15,"column":23}},"loc":{"start":{"line":15,"column":28},"end":{"line":17,"column":3}},"line":15}},"branchMap":{},"s":{"0":1,"1":8,"2":8,"3":1,"4":8,"5":1,"6":8,"7":1,"8":8,"9":1,"10":8},"f":{"0":8,"1":1,"2":1,"3":1,"4":1},"b":{},"_coverageSchema":"1a1c01bbd47fc00a2c39e90264f33305004495a9","hash":"e34fe38274fc76bb08d52fc75ede1210b278dc09"}
}
